{"D:\\shapes-app-js\\src\\comparators.js": {"path":"D:\\shapes-app-js\\src\\comparators.js","statementMap":{"0":{"start":{"line":2,"column":20},"end":{"line":7,"column":1}},"1":{"start":{"line":3,"column":16},"end":{"line":3,"column":27}},"2":{"start":{"line":4,"column":18},"end":{"line":4,"column":46}},"3":{"start":{"line":5,"column":27},"end":{"line":5,"column":72}},"4":{"start":{"line":6,"column":27},"end":{"line":6,"column":72}},"5":{"start":{"line":8,"column":0},"end":{"line":8,"column":29}}},"fnMap":{"0":{"name":"(anonymous_0)","decl":{"start":{"line":3,"column":7},"end":{"line":3,"column":8}},"loc":{"start":{"line":3,"column":16},"end":{"line":3,"column":27}},"line":3},"1":{"name":"(anonymous_1)","decl":{"start":{"line":4,"column":9},"end":{"line":4,"column":10}},"loc":{"start":{"line":4,"column":18},"end":{"line":4,"column":46}},"line":4},"2":{"name":"(anonymous_2)","decl":{"start":{"line":5,"column":18},"end":{"line":5,"column":19}},"loc":{"start":{"line":5,"column":27},"end":{"line":5,"column":72}},"line":5},"3":{"name":"(anonymous_3)","decl":{"start":{"line":6,"column":18},"end":{"line":6,"column":19}},"loc":{"start":{"line":6,"column":27},"end":{"line":6,"column":72}},"line":6}},"branchMap":{"0":{"loc":{"start":{"line":5,"column":28},"end":{"line":5,"column":47}},"type":"binary-expr","locations":[{"start":{"line":5,"column":28},"end":{"line":5,"column":42}},{"start":{"line":5,"column":46},"end":{"line":5,"column":47}}],"line":5},"1":{"loc":{"start":{"line":5,"column":52},"end":{"line":5,"column":71}},"type":"binary-expr","locations":[{"start":{"line":5,"column":52},"end":{"line":5,"column":66}},{"start":{"line":5,"column":70},"end":{"line":5,"column":71}}],"line":5},"2":{"loc":{"start":{"line":6,"column":28},"end":{"line":6,"column":47}},"type":"binary-expr","locations":[{"start":{"line":6,"column":28},"end":{"line":6,"column":42}},{"start":{"line":6,"column":46},"end":{"line":6,"column":47}}],"line":6},"3":{"loc":{"start":{"line":6,"column":52},"end":{"line":6,"column":71}},"type":"binary-expr","locations":[{"start":{"line":6,"column":52},"end":{"line":6,"column":66}},{"start":{"line":6,"column":70},"end":{"line":6,"column":71}}],"line":6}},"s":{"0":2,"1":3,"2":3,"3":0,"4":0,"5":2},"f":{"0":3,"1":3,"2":0,"3":0},"b":{"0":[0,0],"1":[0,0],"2":[0,0],"3":[0,0]},"_coverageSchema":"1a1c01bbd47fc00a2c39e90264f33305004495a9","hash":"72f6125178d9764f3fdb7886e1e8b2390f295b79"}
,"D:\\shapes-app-js\\src\\warehouse.js": {"path":"D:\\shapes-app-js\\src\\warehouse.js","statementMap":{"0":{"start":{"line":5,"column":0},"end":{"line":5,"column":23}},"1":{"start":{"line":6,"column":0},"end":{"line":6,"column":28}},"2":{"start":{"line":7,"column":0},"end":{"line":7,"column":25}},"3":{"start":{"line":12,"column":0},"end":{"line":12,"column":62}},"4":{"start":{"line":12,"column":25},"end":{"line":12,"column":62}},"5":{"start":{"line":13,"column":0},"end":{"line":13,"column":26}},"6":{"start":{"line":18,"column":0},"end":{"line":18,"column":31}},"7":{"start":{"line":19,"column":0},"end":{"line":19,"column":41}},"8":{"start":{"line":20,"column":0},"end":{"line":20,"column":35}},"9":{"start":{"line":21,"column":0},"end":{"line":21,"column":26}},"10":{"start":{"line":27,"column":0},"end":{"line":27,"column":24}},"11":{"start":{"line":28,"column":0},"end":{"line":28,"column":29}},"12":{"start":{"line":29,"column":0},"end":{"line":29,"column":26}},"13":{"start":{"line":30,"column":0},"end":{"line":30,"column":29}},"14":{"start":{"line":36,"column":0},"end":{"line":36,"column":31}},"15":{"start":{"line":37,"column":0},"end":{"line":37,"column":41}},"16":{"start":{"line":38,"column":0},"end":{"line":38,"column":35}},"17":{"start":{"line":42,"column":14},"end":{"line":42,"column":40}},"18":{"start":{"line":43,"column":19},"end":{"line":43,"column":50}},"19":{"start":{"line":44,"column":16},"end":{"line":44,"column":44}},"20":{"start":{"line":46,"column":0},"end":{"line":46,"column":27}}},"fnMap":{"0":{"name":"(anonymous_0)","decl":{"start":{"line":4,"column":0},"end":{"line":4,"column":1}},"loc":{"start":{"line":4,"column":14},"end":{"line":8,"column":1}},"line":4},"1":{"name":"(anonymous_1)","decl":{"start":{"line":11,"column":0},"end":{"line":11,"column":1}},"loc":{"start":{"line":11,"column":21},"end":{"line":14,"column":1}},"line":11},"2":{"name":"(anonymous_2)","decl":{"start":{"line":17,"column":0},"end":{"line":17,"column":1}},"loc":{"start":{"line":17,"column":17},"end":{"line":22,"column":1}},"line":17},"3":{"name":"(anonymous_3)","decl":{"start":{"line":26,"column":0},"end":{"line":26,"column":1}},"loc":{"start":{"line":26,"column":19},"end":{"line":31,"column":1}},"line":26},"4":{"name":"(anonymous_4)","decl":{"start":{"line":35,"column":0},"end":{"line":35,"column":1}},"loc":{"start":{"line":35,"column":18},"end":{"line":39,"column":1}},"line":35},"5":{"name":"(anonymous_5)","decl":{"start":{"line":42,"column":0},"end":{"line":42,"column":1}},"loc":{"start":{"line":42,"column":12},"end":{"line":42,"column":42}},"line":42},"6":{"name":"(anonymous_6)","decl":{"start":{"line":43,"column":0},"end":{"line":43,"column":1}},"loc":{"start":{"line":43,"column":17},"end":{"line":43,"column":52}},"line":43},"7":{"name":"(anonymous_7)","decl":{"start":{"line":44,"column":0},"end":{"line":44,"column":1}},"loc":{"start":{"line":44,"column":14},"end":{"line":44,"column":46}},"line":44}},"branchMap":{"0":{"loc":{"start":{"line":12,"column":0},"end":{"line":12,"column":62}},"type":"if","locations":[{"start":{"line":12,"column":0},"end":{"line":12,"column":62}},{"start":{},"end":{}}],"line":12}},"s":{"0":3,"1":3,"2":3,"3":6,"4":3,"5":6,"6":5,"7":5,"8":5,"9":5,"10":1,"11":1,"12":1,"13":1,"14":1,"15":1,"16":1,"17":2,"18":0,"19":0,"20":3},"f":{"0":3,"1":6,"2":5,"3":1,"4":1,"5":2,"6":0,"7":0},"b":{"0":[3,3]},"_coverageSchema":"1a1c01bbd47fc00a2c39e90264f33305004495a9","hash":"a7ef31619045d1e8688390adc5e0915edab7412e"}
,"D:\\shapes-app-js\\src\\models\\circle.js": {"path":"D:\\shapes-app-js\\src\\models\\circle.js","statementMap":{"0":{"start":{"line":1,"column":14},"end":{"line":1,"column":32}},"1":{"start":{"line":2,"column":16},"end":{"line":2,"column":36}},"2":{"start":{"line":7,"column":0},"end":{"line":7,"column":16}},"3":{"start":{"line":8,"column":0},"end":{"line":8,"column":21}},"4":{"start":{"line":9,"column":0},"end":{"line":9,"column":21}},"5":{"start":{"line":10,"column":0},"end":{"line":10,"column":23}},"6":{"start":{"line":14,"column":15},"end":{"line":14,"column":31}},"7":{"start":{"line":14,"column":32},"end":{"line":14,"column":52}},"8":{"start":{"line":15,"column":15},"end":{"line":15,"column":31}},"9":{"start":{"line":15,"column":32},"end":{"line":15,"column":50}},"10":{"start":{"line":15,"column":51},"end":{"line":15,"column":71}},"11":{"start":{"line":19,"column":9},"end":{"line":19,"column":43}},"12":{"start":{"line":23,"column":14},"end":{"line":23,"column":47}},"13":{"start":{"line":27,"column":11},"end":{"line":27,"column":20}},"14":{"start":{"line":29,"column":0},"end":{"line":29,"column":24}}},"fnMap":{"0":{"name":"(anonymous_0)","decl":{"start":{"line":6,"column":0},"end":{"line":6,"column":1}},"loc":{"start":{"line":6,"column":38},"end":{"line":11,"column":1}},"line":6},"1":{"name":"(anonymous_1)","decl":{"start":{"line":14,"column":0},"end":{"line":14,"column":1}},"loc":{"start":{"line":14,"column":13},"end":{"line":14,"column":54}},"line":14},"2":{"name":"(anonymous_2)","decl":{"start":{"line":15,"column":0},"end":{"line":15,"column":1}},"loc":{"start":{"line":15,"column":13},"end":{"line":15,"column":73}},"line":15},"3":{"name":"(anonymous_3)","decl":{"start":{"line":19,"column":0},"end":{"line":19,"column":1}},"loc":{"start":{"line":19,"column":7},"end":{"line":19,"column":45}},"line":19},"4":{"name":"(anonymous_4)","decl":{"start":{"line":23,"column":0},"end":{"line":23,"column":1}},"loc":{"start":{"line":23,"column":12},"end":{"line":23,"column":49}},"line":23},"5":{"name":"(anonymous_5)","decl":{"start":{"line":27,"column":0},"end":{"line":27,"column":1}},"loc":{"start":{"line":27,"column":9},"end":{"line":27,"column":22}},"line":27}},"branchMap":{},"s":{"0":4,"1":4,"2":8,"3":8,"4":8,"5":8,"6":1,"7":1,"8":0,"9":0,"10":0,"11":6,"12":4,"13":4,"14":4},"f":{"0":8,"1":1,"2":0,"3":6,"4":4,"5":4},"b":{},"_coverageSchema":"1a1c01bbd47fc00a2c39e90264f33305004495a9","hash":"1955a01b85c669625e8cb7b104cbcbbc35508311"}
,"D:\\shapes-app-js\\src\\models\\point2d.js": {"path":"D:\\shapes-app-js\\src\\models\\point2d.js","statementMap":{"0":{"start":{"line":4,"column":0},"end":{"line":4,"column":11}},"1":{"start":{"line":5,"column":0},"end":{"line":5,"column":11}},"2":{"start":{"line":11,"column":0},"end":{"line":11,"column":34}},"3":{"start":{"line":14,"column":0},"end":{"line":14,"column":25}}},"fnMap":{"0":{"name":"(anonymous_0)","decl":{"start":{"line":3,"column":0},"end":{"line":3,"column":1}},"loc":{"start":{"line":3,"column":18},"end":{"line":6,"column":1}},"line":3},"1":{"name":"(anonymous_1)","decl":{"start":{"line":10,"column":0},"end":{"line":10,"column":1}},"loc":{"start":{"line":10,"column":19},"end":{"line":12,"column":1}},"line":10}},"branchMap":{},"s":{"0":14,"1":14,"2":0,"3":5},"f":{"0":14,"1":0},"b":{},"_coverageSchema":"1a1c01bbd47fc00a2c39e90264f33305004495a9","hash":"25d2bf90ff3e1af9787acf30c4e73210ec53d7c8"}
,"D:\\shapes-app-js\\src\\models\\rectangle.js": {"path":"D:\\shapes-app-js\\src\\models\\rectangle.js","statementMap":{"0":{"start":{"line":2,"column":14},"end":{"line":2,"column":32}},"1":{"start":{"line":3,"column":16},"end":{"line":3,"column":36}},"2":{"start":{"line":7,"column":0},"end":{"line":7,"column":16}},"3":{"start":{"line":8,"column":0},"end":{"line":8,"column":13}},"4":{"start":{"line":9,"column":0},"end":{"line":9,"column":19}},"5":{"start":{"line":10,"column":0},"end":{"line":10,"column":21}},"6":{"start":{"line":11,"column":0},"end":{"line":11,"column":19}},"7":{"start":{"line":15,"column":14},"end":{"line":15,"column":29}},"8":{"start":{"line":15,"column":30},"end":{"line":15,"column":50}},"9":{"start":{"line":16,"column":15},"end":{"line":16,"column":31}},"10":{"start":{"line":16,"column":32},"end":{"line":16,"column":52}},"11":{"start":{"line":17,"column":11},"end":{"line":17,"column":23}},"12":{"start":{"line":17,"column":24},"end":{"line":17,"column":42}},"13":{"start":{"line":17,"column":43},"end":{"line":17,"column":63}},"14":{"start":{"line":20,"column":9},"end":{"line":20,"column":51}},"15":{"start":{"line":21,"column":14},"end":{"line":21,"column":72}},"16":{"start":{"line":22,"column":11},"end":{"line":22,"column":20}},"17":{"start":{"line":24,"column":0},"end":{"line":24,"column":27}}},"fnMap":{"0":{"name":"(anonymous_0)","decl":{"start":{"line":6,"column":0},"end":{"line":6,"column":1}},"loc":{"start":{"line":6,"column":41},"end":{"line":12,"column":1}},"line":6},"1":{"name":"(anonymous_1)","decl":{"start":{"line":15,"column":0},"end":{"line":15,"column":1}},"loc":{"start":{"line":15,"column":12},"end":{"line":15,"column":52}},"line":15},"2":{"name":"(anonymous_2)","decl":{"start":{"line":16,"column":0},"end":{"line":16,"column":1}},"loc":{"start":{"line":16,"column":13},"end":{"line":16,"column":54}},"line":16},"3":{"name":"(anonymous_3)","decl":{"start":{"line":17,"column":0},"end":{"line":17,"column":1}},"loc":{"start":{"line":17,"column":9},"end":{"line":17,"column":65}},"line":17},"4":{"name":"(anonymous_4)","decl":{"start":{"line":20,"column":0},"end":{"line":20,"column":1}},"loc":{"start":{"line":20,"column":7},"end":{"line":20,"column":53}},"line":20},"5":{"name":"(anonymous_5)","decl":{"start":{"line":21,"column":0},"end":{"line":21,"column":1}},"loc":{"start":{"line":21,"column":12},"end":{"line":21,"column":74}},"line":21},"6":{"name":"(anonymous_6)","decl":{"start":{"line":22,"column":0},"end":{"line":22,"column":1}},"loc":{"start":{"line":22,"column":9},"end":{"line":22,"column":22}},"line":22}},"branchMap":{},"s":{"0":3,"1":3,"2":2,"3":2,"4":2,"5":2,"6":2,"7":1,"8":1,"9":1,"10":1,"11":1,"12":1,"13":1,"14":2,"15":1,"16":1,"17":3},"f":{"0":2,"1":1,"2":1,"3":1,"4":2,"5":1,"6":1},"b":{},"_coverageSchema":"1a1c01bbd47fc00a2c39e90264f33305004495a9","hash":"a617390596fea2fe7d805374a2df83580673bb4a"}
,"D:\\shapes-app-js\\src\\models\\shape.js": {"path":"D:\\shapes-app-js\\src\\models\\shape.js","statementMap":{"0":{"start":{"line":5,"column":4},"end":{"line":5,"column":17}},"1":{"start":{"line":6,"column":4},"end":{"line":6,"column":21}},"2":{"start":{"line":7,"column":4},"end":{"line":7,"column":21}},"3":{"start":{"line":10,"column":4},"end":{"line":10,"column":32}},"4":{"start":{"line":13,"column":4},"end":{"line":13,"column":25}},"5":{"start":{"line":17,"column":4},"end":{"line":17,"column":27}},"6":{"start":{"line":21,"column":4},"end":{"line":21,"column":30}},"7":{"start":{"line":26,"column":4},"end":{"line":30,"column":7}},"8":{"start":{"line":27,"column":6},"end":{"line":29,"column":7}},"9":{"start":{"line":28,"column":8},"end":{"line":28,"column":31}},"10":{"start":{"line":32,"column":4},"end":{"line":32,"column":40}},"11":{"start":{"line":32,"column":34},"end":{"line":32,"column":38}},"12":{"start":{"line":36,"column":4},"end":{"line":38,"column":5}},"13":{"start":{"line":37,"column":6},"end":{"line":37,"column":31}},"14":{"start":{"line":42,"column":4},"end":{"line":42,"column":60}},"15":{"start":{"line":42,"column":50},"end":{"line":42,"column":58}},"16":{"start":{"line":46,"column":11},"end":{"line":46,"column":20}},"17":{"start":{"line":47,"column":16},"end":{"line":47,"column":25}},"18":{"start":{"line":48,"column":13},"end":{"line":48,"column":22}},"19":{"start":{"line":51,"column":0},"end":{"line":51,"column":23}}},"fnMap":{"0":{"name":"(anonymous_0)","decl":{"start":{"line":4,"column":2},"end":{"line":4,"column":3}},"loc":{"start":{"line":4,"column":24},"end":{"line":14,"column":3}},"line":4},"1":{"name":"(anonymous_1)","decl":{"start":{"line":16,"column":2},"end":{"line":16,"column":3}},"loc":{"start":{"line":16,"column":23},"end":{"line":18,"column":3}},"line":16},"2":{"name":"(anonymous_2)","decl":{"start":{"line":20,"column":2},"end":{"line":20,"column":3}},"loc":{"start":{"line":20,"column":26},"end":{"line":22,"column":3}},"line":20},"3":{"name":"(anonymous_3)","decl":{"start":{"line":25,"column":2},"end":{"line":25,"column":3}},"loc":{"start":{"line":25,"column":17},"end":{"line":33,"column":3}},"line":25},"4":{"name":"(anonymous_4)","decl":{"start":{"line":26,"column":28},"end":{"line":26,"column":29}},"loc":{"start":{"line":26,"column":33},"end":{"line":30,"column":5}},"line":26},"5":{"name":"(anonymous_5)","decl":{"start":{"line":32,"column":28},"end":{"line":32,"column":29}},"loc":{"start":{"line":32,"column":34},"end":{"line":32,"column":38}},"line":32},"6":{"name":"(anonymous_6)","decl":{"start":{"line":35,"column":2},"end":{"line":35,"column":3}},"loc":{"start":{"line":35,"column":18},"end":{"line":39,"column":3}},"line":35},"7":{"name":"(anonymous_7)","decl":{"start":{"line":41,"column":2},"end":{"line":41,"column":3}},"loc":{"start":{"line":41,"column":21},"end":{"line":43,"column":3}},"line":41},"8":{"name":"(anonymous_8)","decl":{"start":{"line":42,"column":45},"end":{"line":42,"column":46}},"loc":{"start":{"line":42,"column":50},"end":{"line":42,"column":58}},"line":42},"9":{"name":"(anonymous_9)","decl":{"start":{"line":46,"column":2},"end":{"line":46,"column":3}},"loc":{"start":{"line":46,"column":9},"end":{"line":46,"column":22}},"line":46},"10":{"name":"(anonymous_10)","decl":{"start":{"line":47,"column":2},"end":{"line":47,"column":3}},"loc":{"start":{"line":47,"column":14},"end":{"line":47,"column":27}},"line":47},"11":{"name":"(anonymous_11)","decl":{"start":{"line":48,"column":2},"end":{"line":48,"column":3}},"loc":{"start":{"line":48,"column":11},"end":{"line":48,"column":24}},"line":48}},"branchMap":{"0":{"loc":{"start":{"line":27,"column":6},"end":{"line":29,"column":7}},"type":"if","locations":[{"start":{"line":27,"column":6},"end":{"line":29,"column":7}},{"start":{},"end":{}}],"line":27},"1":{"loc":{"start":{"line":36,"column":4},"end":{"line":38,"column":5}},"type":"if","locations":[{"start":{"line":36,"column":4},"end":{"line":38,"column":5}},{"start":{},"end":{}}],"line":36}},"s":{"0":12,"1":12,"2":12,"3":12,"4":12,"5":5,"6":1,"7":6,"8":1,"9":1,"10":6,"11":4,"12":2,"13":2,"14":1,"15":1,"16":0,"17":0,"18":0,"19":6},"f":{"0":12,"1":5,"2":1,"3":6,"4":1,"5":4,"6":2,"7":1,"8":1,"9":0,"10":0,"11":0},"b":{"0":[1,0],"1":[2,0]},"_coverageSchema":"1a1c01bbd47fc00a2c39e90264f33305004495a9","hash":"10551ab57331c5b38ca776bb655777592fb35f30"}
,"D:\\shapes-app-js\\src\\models\\triangle.js": {"path":"D:\\shapes-app-js\\src\\models\\triangle.js","statementMap":{"0":{"start":{"line":1,"column":14},"end":{"line":1,"column":32}},"1":{"start":{"line":2,"column":16},"end":{"line":2,"column":36}},"2":{"start":{"line":7,"column":0},"end":{"line":7,"column":16}},"3":{"start":{"line":8,"column":0},"end":{"line":8,"column":11}},"4":{"start":{"line":8,"column":12},"end":{"line":8,"column":23}},"5":{"start":{"line":8,"column":24},"end":{"line":8,"column":35}},"6":{"start":{"line":9,"column":0},"end":{"line":9,"column":24}},"7":{"start":{"line":13,"column":16},"end":{"line":13,"column":60}},"8":{"start":{"line":17,"column":11},"end":{"line":17,"column":37}},"9":{"start":{"line":18,"column":11},"end":{"line":18,"column":37}},"10":{"start":{"line":19,"column":11},"end":{"line":19,"column":37}},"11":{"start":{"line":20,"column":10},"end":{"line":20,"column":28}},"12":{"start":{"line":21,"column":10},"end":{"line":21,"column":44}},"13":{"start":{"line":22,"column":0},"end":{"line":22,"column":33}},"14":{"start":{"line":26,"column":0},"end":{"line":26,"column":92}},"15":{"start":{"line":30,"column":11},"end":{"line":30,"column":20}},"16":{"start":{"line":32,"column":0},"end":{"line":32,"column":26}}},"fnMap":{"0":{"name":"(anonymous_0)","decl":{"start":{"line":6,"column":0},"end":{"line":6,"column":1}},"loc":{"start":{"line":6,"column":31},"end":{"line":10,"column":1}},"line":6},"1":{"name":"(anonymous_1)","decl":{"start":{"line":13,"column":0},"end":{"line":13,"column":1}},"loc":{"start":{"line":13,"column":14},"end":{"line":13,"column":62}},"line":13},"2":{"name":"(anonymous_2)","decl":{"start":{"line":16,"column":0},"end":{"line":16,"column":1}},"loc":{"start":{"line":16,"column":7},"end":{"line":23,"column":1}},"line":16},"3":{"name":"(anonymous_3)","decl":{"start":{"line":25,"column":0},"end":{"line":25,"column":1}},"loc":{"start":{"line":25,"column":12},"end":{"line":27,"column":1}},"line":25},"4":{"name":"(anonymous_4)","decl":{"start":{"line":30,"column":0},"end":{"line":30,"column":1}},"loc":{"start":{"line":30,"column":9},"end":{"line":30,"column":22}},"line":30}},"branchMap":{"0":{"loc":{"start":{"line":22,"column":7},"end":{"line":22,"column":32}},"type":"cond-expr","locations":[{"start":{"line":22,"column":16},"end":{"line":22,"column":17}},{"start":{"line":22,"column":20},"end":{"line":22,"column":32}}],"line":22}},"s":{"0":2,"1":2,"2":1,"3":1,"4":1,"5":1,"6":1,"7":9,"8":2,"9":2,"10":2,"11":2,"12":2,"13":2,"14":1,"15":1,"16":2},"f":{"0":1,"1":9,"2":2,"3":1,"4":1},"b":{"0":[2,0]},"_coverageSchema":"1a1c01bbd47fc00a2c39e90264f33305004495a9","hash":"491f52c3ada18290ce9950335e091fc477fa2efd"}
,"D:\\shapes-app-js\\src\\repository\\repository.js": {"path":"D:\\shapes-app-js\\src\\repository\\repository.js","statementMap":{"0":{"start":{"line":3,"column":16},"end":{"line":3,"column":39}},"1":{"start":{"line":6,"column":0},"end":{"line":6,"column":32}},"2":{"start":{"line":10,"column":10},"end":{"line":10,"column":28}},"3":{"start":{"line":11,"column":4},"end":{"line":14,"column":5}},"4":{"start":{"line":12,"column":4},"end":{"line":12,"column":26}},"5":{"start":{"line":13,"column":4},"end":{"line":13,"column":16}},"6":{"start":{"line":15,"column":4},"end":{"line":15,"column":17}},"7":{"start":{"line":19,"column":6},"end":{"line":19,"column":40}},"8":{"start":{"line":22,"column":6},"end":{"line":22,"column":38}},"9":{"start":{"line":26,"column":4},"end":{"line":26,"column":71}},"10":{"start":{"line":26,"column":48},"end":{"line":26,"column":69}},"11":{"start":{"line":31,"column":6},"end":{"line":31,"column":54}},"12":{"start":{"line":33,"column":0},"end":{"line":33,"column":28}}},"fnMap":{"0":{"name":"(anonymous_0)","decl":{"start":{"line":3,"column":0},"end":{"line":3,"column":1}},"loc":{"start":{"line":3,"column":14},"end":{"line":3,"column":41}},"line":3},"1":{"name":"(anonymous_1)","decl":{"start":{"line":5,"column":0},"end":{"line":5,"column":1}},"loc":{"start":{"line":5,"column":11},"end":{"line":7,"column":1}},"line":5},"2":{"name":"(anonymous_2)","decl":{"start":{"line":9,"column":0},"end":{"line":9,"column":1}},"loc":{"start":{"line":9,"column":11},"end":{"line":16,"column":5}},"line":9},"3":{"name":"(anonymous_3)","decl":{"start":{"line":18,"column":0},"end":{"line":18,"column":1}},"loc":{"start":{"line":19,"column":4},"end":{"line":19,"column":42}},"line":19},"4":{"name":"(anonymous_4)","decl":{"start":{"line":21,"column":0},"end":{"line":21,"column":1}},"loc":{"start":{"line":22,"column":4},"end":{"line":22,"column":40}},"line":22},"5":{"name":"(anonymous_5)","decl":{"start":{"line":25,"column":0},"end":{"line":25,"column":1}},"loc":{"start":{"line":25,"column":12},"end":{"line":27,"column":1}},"line":25},"6":{"name":"(anonymous_6)","decl":{"start":{"line":26,"column":43},"end":{"line":26,"column":44}},"loc":{"start":{"line":26,"column":48},"end":{"line":26,"column":69}},"line":26},"7":{"name":"(anonymous_7)","decl":{"start":{"line":30,"column":0},"end":{"line":30,"column":1}},"loc":{"start":{"line":31,"column":4},"end":{"line":31,"column":56}},"line":31}},"branchMap":{"0":{"loc":{"start":{"line":11,"column":4},"end":{"line":14,"column":5}},"type":"if","locations":[{"start":{"line":11,"column":4},"end":{"line":14,"column":5}},{"start":{},"end":{}}],"line":11},"1":{"loc":{"start":{"line":19,"column":13},"end":{"line":19,"column":39}},"type":"binary-expr","locations":[{"start":{"line":19,"column":13},"end":{"line":19,"column":31}},{"start":{"line":19,"column":35},"end":{"line":19,"column":39}}],"line":19}},"s":{"0":2,"1":4,"2":1,"3":1,"4":1,"5":1,"6":0,"7":1,"8":0,"9":3,"10":9,"11":2,"12":2},"f":{"0":2,"1":4,"2":1,"3":1,"4":0,"5":3,"6":9,"7":2},"b":{"0":[1,0],"1":[1,0]},"_coverageSchema":"1a1c01bbd47fc00a2c39e90264f33305004495a9","hash":"5baa3a9390abd780ed88a8f9a2a11c04884c856d"}
,"D:\\shapes-app-js\\src\\repository\\specs.js": {"path":"D:\\shapes-app-js\\src\\repository\\specs.js","statementMap":{"0":{"start":{"line":1,"column":18},"end":{"line":1,"column":41}},"1":{"start":{"line":5,"column":4},"end":{"line":5,"column":69}},"2":{"start":{"line":8,"column":4},"end":{"line":8,"column":31}},"3":{"start":{"line":13,"column":20},"end":{"line":13,"column":28}},"4":{"start":{"line":13,"column":29},"end":{"line":13,"column":42}},"5":{"start":{"line":14,"column":19},"end":{"line":14,"column":43}},"6":{"start":{"line":18,"column":22},"end":{"line":18,"column":30}},"7":{"start":{"line":18,"column":31},"end":{"line":18,"column":62}},"8":{"start":{"line":19,"column":19},"end":{"line":19,"column":61}},"9":{"start":{"line":23,"column":19},"end":{"line":23,"column":27}},"10":{"start":{"line":23,"column":28},"end":{"line":23,"column":39}},"11":{"start":{"line":25,"column":4},"end":{"line":25,"column":57}},"12":{"start":{"line":25,"column":44},"end":{"line":25,"column":57}},"13":{"start":{"line":26,"column":21},"end":{"line":26,"column":32}},"14":{"start":{"line":27,"column":4},"end":{"line":33,"column":5}},"15":{"start":{"line":28,"column":14},"end":{"line":28,"column":36}},"16":{"start":{"line":29,"column":14},"end":{"line":29,"column":36}},"17":{"start":{"line":30,"column":14},"end":{"line":30,"column":36}},"18":{"start":{"line":31,"column":14},"end":{"line":31,"column":36}},"19":{"start":{"line":32,"column":15},"end":{"line":32,"column":28}},"20":{"start":{"line":38,"column":26},"end":{"line":38,"column":34}},"21":{"start":{"line":38,"column":35},"end":{"line":38,"column":50}},"22":{"start":{"line":38,"column":51},"end":{"line":38,"column":66}},"23":{"start":{"line":40,"column":17},"end":{"line":40,"column":60}},"24":{"start":{"line":41,"column":4},"end":{"line":41,"column":48}},"25":{"start":{"line":46,"column":26},"end":{"line":46,"column":34}},"26":{"start":{"line":46,"column":35},"end":{"line":46,"column":50}},"27":{"start":{"line":46,"column":51},"end":{"line":46,"column":66}},"28":{"start":{"line":48,"column":4},"end":{"line":48,"column":57}},"29":{"start":{"line":48,"column":44},"end":{"line":48,"column":57}},"30":{"start":{"line":49,"column":14},"end":{"line":49,"column":25}},"31":{"start":{"line":50,"column":14},"end":{"line":50,"column":46}},"32":{"start":{"line":51,"column":4},"end":{"line":51,"column":42}},"33":{"start":{"line":55,"column":0},"end":{"line":61,"column":2}}},"fnMap":{"0":{"name":"(anonymous_0)","decl":{"start":{"line":4,"column":2},"end":{"line":4,"column":3}},"loc":{"start":{"line":4,"column":17},"end":{"line":6,"column":3}},"line":4},"1":{"name":"(anonymous_1)","decl":{"start":{"line":7,"column":2},"end":{"line":7,"column":3}},"loc":{"start":{"line":7,"column":19},"end":{"line":9,"column":3}},"line":7},"2":{"name":"(anonymous_2)","decl":{"start":{"line":13,"column":2},"end":{"line":13,"column":3}},"loc":{"start":{"line":13,"column":18},"end":{"line":13,"column":44}},"line":13},"3":{"name":"(anonymous_3)","decl":{"start":{"line":14,"column":2},"end":{"line":14,"column":3}},"loc":{"start":{"line":14,"column":17},"end":{"line":14,"column":45}},"line":14},"4":{"name":"(anonymous_4)","decl":{"start":{"line":18,"column":2},"end":{"line":18,"column":3}},"loc":{"start":{"line":18,"column":20},"end":{"line":18,"column":64}},"line":18},"5":{"name":"(anonymous_5)","decl":{"start":{"line":19,"column":2},"end":{"line":19,"column":3}},"loc":{"start":{"line":19,"column":17},"end":{"line":19,"column":63}},"line":19},"6":{"name":"(anonymous_6)","decl":{"start":{"line":23,"column":2},"end":{"line":23,"column":3}},"loc":{"start":{"line":23,"column":17},"end":{"line":23,"column":41}},"line":23},"7":{"name":"(anonymous_7)","decl":{"start":{"line":24,"column":2},"end":{"line":24,"column":3}},"loc":{"start":{"line":24,"column":17},"end":{"line":34,"column":3}},"line":24},"8":{"name":"(anonymous_8)","decl":{"start":{"line":38,"column":2},"end":{"line":38,"column":3}},"loc":{"start":{"line":38,"column":24},"end":{"line":38,"column":68}},"line":38},"9":{"name":"(anonymous_9)","decl":{"start":{"line":39,"column":2},"end":{"line":39,"column":3}},"loc":{"start":{"line":39,"column":17},"end":{"line":42,"column":3}},"line":39},"10":{"name":"(anonymous_10)","decl":{"start":{"line":46,"column":2},"end":{"line":46,"column":3}},"loc":{"start":{"line":46,"column":24},"end":{"line":46,"column":68}},"line":46},"11":{"name":"(anonymous_11)","decl":{"start":{"line":47,"column":2},"end":{"line":47,"column":3}},"loc":{"start":{"line":47,"column":17},"end":{"line":52,"column":3}},"line":47}},"branchMap":{"0":{"loc":{"start":{"line":25,"column":4},"end":{"line":25,"column":57}},"type":"if","locations":[{"start":{"line":25,"column":4},"end":{"line":25,"column":57}},{"start":{},"end":{}}],"line":25},"1":{"loc":{"start":{"line":25,"column":8},"end":{"line":25,"column":42}},"type":"binary-expr","locations":[{"start":{"line":25,"column":8},"end":{"line":25,"column":17}},{"start":{"line":25,"column":21},"end":{"line":25,"column":42}}],"line":25},"2":{"loc":{"start":{"line":27,"column":4},"end":{"line":33,"column":5}},"type":"switch","locations":[{"start":{"line":28,"column":6},"end":{"line":28,"column":36}},{"start":{"line":29,"column":6},"end":{"line":29,"column":36}},{"start":{"line":30,"column":6},"end":{"line":30,"column":36}},{"start":{"line":31,"column":6},"end":{"line":31,"column":36}},{"start":{"line":32,"column":6},"end":{"line":32,"column":28}}],"line":27},"3":{"loc":{"start":{"line":28,"column":21},"end":{"line":28,"column":35}},"type":"binary-expr","locations":[{"start":{"line":28,"column":21},"end":{"line":28,"column":26}},{"start":{"line":28,"column":30},"end":{"line":28,"column":35}}],"line":28},"4":{"loc":{"start":{"line":29,"column":21},"end":{"line":29,"column":35}},"type":"binary-expr","locations":[{"start":{"line":29,"column":21},"end":{"line":29,"column":26}},{"start":{"line":29,"column":30},"end":{"line":29,"column":35}}],"line":29},"5":{"loc":{"start":{"line":30,"column":21},"end":{"line":30,"column":35}},"type":"binary-expr","locations":[{"start":{"line":30,"column":21},"end":{"line":30,"column":26}},{"start":{"line":30,"column":30},"end":{"line":30,"column":35}}],"line":30},"6":{"loc":{"start":{"line":31,"column":21},"end":{"line":31,"column":35}},"type":"binary-expr","locations":[{"start":{"line":31,"column":21},"end":{"line":31,"column":26}},{"start":{"line":31,"column":30},"end":{"line":31,"column":35}}],"line":31},"7":{"loc":{"start":{"line":40,"column":17},"end":{"line":40,"column":60}},"type":"cond-expr","locations":[{"start":{"line":40,"column":48},"end":{"line":40,"column":56}},{"start":{"line":40,"column":59},"end":{"line":40,"column":60}}],"line":40},"8":{"loc":{"start":{"line":41,"column":11},"end":{"line":41,"column":47}},"type":"binary-expr","locations":[{"start":{"line":41,"column":11},"end":{"line":41,"column":27}},{"start":{"line":41,"column":31},"end":{"line":41,"column":47}}],"line":41},"9":{"loc":{"start":{"line":48,"column":4},"end":{"line":48,"column":57}},"type":"if","locations":[{"start":{"line":48,"column":4},"end":{"line":48,"column":57}},{"start":{},"end":{}}],"line":48},"10":{"loc":{"start":{"line":48,"column":8},"end":{"line":48,"column":42}},"type":"binary-expr","locations":[{"start":{"line":48,"column":8},"end":{"line":48,"column":17}},{"start":{"line":48,"column":21},"end":{"line":48,"column":42}}],"line":48},"11":{"loc":{"start":{"line":51,"column":11},"end":{"line":51,"column":41}},"type":"binary-expr","locations":[{"start":{"line":51,"column":11},"end":{"line":51,"column":24}},{"start":{"line":51,"column":28},"end":{"line":51,"column":41}}],"line":51}},"s":{"0":2,"1":0,"2":9,"3":0,"4":0,"5":0,"6":0,"7":0,"8":0,"9":3,"10":3,"11":6,"12":0,"13":6,"14":6,"15":5,"16":1,"17":0,"18":0,"19":0,"20":2,"21":2,"22":2,"23":4,"24":4,"25":3,"26":3,"27":3,"28":5,"29":0,"30":5,"31":5,"32":5,"33":2},"f":{"0":0,"1":9,"2":0,"3":0,"4":0,"5":0,"6":3,"7":6,"8":2,"9":4,"10":3,"11":5},"b":{"0":[0,6],"1":[6,6],"2":[5,1,0,0,0],"3":[5,3],"4":[1,1],"5":[0,0],"6":[0,0],"7":[4,0],"8":[4,4],"9":[0,5],"10":[5,5],"11":[5,5]},"_coverageSchema":"1a1c01bbd47fc00a2c39e90264f33305004495a9","hash":"0fcb0258a34a539642516f1103edb7fd95693c65"}
}
