TN:
SF:src\comparators.js
FN:3,(anonymous_0)
FN:4,(anonymous_1)
FN:5,(anonymous_2)
FN:6,(anonymous_3)
FNF:4
FNH:2
FNDA:3,(anonymous_0)
FNDA:3,(anonymous_1)
FNDA:0,(anonymous_2)
FNDA:0,(anonymous_3)
DA:2,2
DA:3,3
DA:4,3
DA:5,0
DA:6,0
DA:8,2
LF:6
LH:4
BRDA:5,0,0,0
BRDA:5,0,1,0
BRDA:5,1,0,0
BRDA:5,1,1,0
BRDA:6,2,0,0
BRDA:6,2,1,0
BRDA:6,3,0,0
BRDA:6,3,1,0
BRF:8
BRH:0
end_of_record
TN:
SF:src\warehouse.js
FN:4,(anonymous_0)
FN:11,(anonymous_1)
FN:17,(anonymous_2)
FN:26,(anonymous_3)
FN:35,(anonymous_4)
FN:42,(anonymous_5)
FN:43,(anonymous_6)
FN:44,(anonymous_7)
FNF:8
FNH:6
FNDA:3,(anonymous_0)
FNDA:6,(anonymous_1)
FNDA:5,(anonymous_2)
FNDA:1,(anonymous_3)
FNDA:1,(anonymous_4)
FNDA:2,(anonymous_5)
FNDA:0,(anonymous_6)
FNDA:0,(anonymous_7)
DA:5,3
DA:6,3
DA:7,3
DA:12,6
DA:13,6
DA:18,5
DA:19,5
DA:20,5
DA:21,5
DA:27,1
DA:28,1
DA:29,1
DA:30,1
DA:36,1
DA:37,1
DA:38,1
DA:42,2
DA:43,0
DA:44,0
DA:46,3
LF:20
LH:18
BRDA:12,0,0,3
BRDA:12,0,1,3
BRF:2
BRH:2
end_of_record
TN:
SF:src\models\circle.js
FN:6,(anonymous_0)
FN:14,(anonymous_1)
FN:15,(anonymous_2)
FN:19,(anonymous_3)
FN:23,(anonymous_4)
FN:27,(anonymous_5)
FNF:6
FNH:5
FNDA:8,(anonymous_0)
FNDA:1,(anonymous_1)
FNDA:0,(anonymous_2)
FNDA:6,(anonymous_3)
FNDA:4,(anonymous_4)
FNDA:4,(anonymous_5)
DA:1,4
DA:2,4
DA:7,8
DA:8,8
DA:9,8
DA:10,8
DA:14,1
DA:15,0
DA:19,6
DA:23,4
DA:27,4
DA:29,4
LF:12
LH:11
BRF:0
BRH:0
end_of_record
TN:
SF:src\models\point2d.js
FN:3,(anonymous_0)
FN:10,(anonymous_1)
FNF:2
FNH:1
FNDA:14,(anonymous_0)
FNDA:0,(anonymous_1)
DA:4,14
DA:5,14
DA:11,0
DA:14,5
LF:4
LH:3
BRF:0
BRH:0
end_of_record
TN:
SF:src\models\rectangle.js
FN:6,(anonymous_0)
FN:15,(anonymous_1)
FN:16,(anonymous_2)
FN:17,(anonymous_3)
FN:20,(anonymous_4)
FN:21,(anonymous_5)
FN:22,(anonymous_6)
FNF:7
FNH:7
FNDA:2,(anonymous_0)
FNDA:1,(anonymous_1)
FNDA:1,(anonymous_2)
FNDA:1,(anonymous_3)
FNDA:2,(anonymous_4)
FNDA:1,(anonymous_5)
FNDA:1,(anonymous_6)
DA:2,3
DA:3,3
DA:7,2
DA:8,2
DA:9,2
DA:10,2
DA:11,2
DA:15,1
DA:16,1
DA:17,1
DA:20,2
DA:21,1
DA:22,1
DA:24,3
LF:14
LH:14
BRF:0
BRH:0
end_of_record
TN:
SF:src\models\shape.js
FN:4,(anonymous_0)
FN:16,(anonymous_1)
FN:20,(anonymous_2)
FN:25,(anonymous_3)
FN:26,(anonymous_4)
FN:32,(anonymous_5)
FN:35,(anonymous_6)
FN:41,(anonymous_7)
FN:42,(anonymous_8)
FN:46,(anonymous_9)
FN:47,(anonymous_10)
FN:48,(anonymous_11)
FNF:12
FNH:9
FNDA:12,(anonymous_0)
FNDA:5,(anonymous_1)
FNDA:1,(anonymous_2)
FNDA:6,(anonymous_3)
FNDA:1,(anonymous_4)
FNDA:4,(anonymous_5)
FNDA:2,(anonymous_6)
FNDA:1,(anonymous_7)
FNDA:1,(anonymous_8)
FNDA:0,(anonymous_9)
FNDA:0,(anonymous_10)
FNDA:0,(anonymous_11)
DA:5,12
DA:6,12
DA:7,12
DA:10,12
DA:13,12
DA:17,5
DA:21,1
DA:26,6
DA:27,1
DA:28,1
DA:32,6
DA:36,2
DA:37,2
DA:42,1
DA:46,0
DA:47,0
DA:48,0
DA:51,6
LF:18
LH:15
BRDA:27,0,0,1
BRDA:27,0,1,0
BRDA:36,1,0,2
BRDA:36,1,1,0
BRF:4
BRH:2
end_of_record
TN:
SF:src\models\triangle.js
FN:6,(anonymous_0)
FN:13,(anonymous_1)
FN:16,(anonymous_2)
FN:25,(anonymous_3)
FN:30,(anonymous_4)
FNF:5
FNH:5
FNDA:1,(anonymous_0)
FNDA:9,(anonymous_1)
FNDA:2,(anonymous_2)
FNDA:1,(anonymous_3)
FNDA:1,(anonymous_4)
DA:1,2
DA:2,2
DA:7,1
DA:8,1
DA:9,1
DA:13,9
DA:17,2
DA:18,2
DA:19,2
DA:20,2
DA:21,2
DA:22,2
DA:26,1
DA:30,1
DA:32,2
LF:15
LH:15
BRDA:22,0,0,2
BRDA:22,0,1,0
BRF:2
BRH:1
end_of_record
TN:
SF:src\repository\repository.js
FN:3,(anonymous_0)
FN:5,(anonymous_1)
FN:9,(anonymous_2)
FN:18,(anonymous_3)
FN:21,(anonymous_4)
FN:25,(anonymous_5)
FN:26,(anonymous_6)
FN:30,(anonymous_7)
FNF:8
FNH:7
FNDA:2,(anonymous_0)
FNDA:4,(anonymous_1)
FNDA:1,(anonymous_2)
FNDA:1,(anonymous_3)
FNDA:0,(anonymous_4)
FNDA:3,(anonymous_5)
FNDA:9,(anonymous_6)
FNDA:2,(anonymous_7)
DA:3,2
DA:6,4
DA:10,1
DA:11,1
DA:12,1
DA:13,1
DA:15,0
DA:19,1
DA:22,0
DA:26,9
DA:31,2
DA:33,2
LF:12
LH:10
BRDA:11,0,0,1
BRDA:11,0,1,0
BRDA:19,1,0,1
BRDA:19,1,1,0
BRF:4
BRH:2
end_of_record
TN:
SF:src\repository\specs.js
FN:4,(anonymous_0)
FN:7,(anonymous_1)
FN:13,(anonymous_2)
FN:14,(anonymous_3)
FN:18,(anonymous_4)
FN:19,(anonymous_5)
FN:23,(anonymous_6)
FN:24,(anonymous_7)
FN:38,(anonymous_8)
FN:39,(anonymous_9)
FN:46,(anonymous_10)
FN:47,(anonymous_11)
FNF:12
FNH:7
FNDA:0,(anonymous_0)
FNDA:9,(anonymous_1)
FNDA:0,(anonymous_2)
FNDA:0,(anonymous_3)
FNDA:0,(anonymous_4)
FNDA:0,(anonymous_5)
FNDA:3,(anonymous_6)
FNDA:6,(anonymous_7)
FNDA:2,(anonymous_8)
FNDA:4,(anonymous_9)
FNDA:3,(anonymous_10)
FNDA:5,(anonymous_11)
DA:1,2
DA:5,0
DA:8,9
DA:13,0
DA:14,0
DA:18,0
DA:19,0
DA:23,3
DA:25,6
DA:26,6
DA:27,6
DA:28,5
DA:29,1
DA:30,0
DA:31,0
DA:32,0
DA:38,2
DA:40,4
DA:41,4
DA:46,3
DA:48,5
DA:49,5
DA:50,5
DA:51,5
DA:55,2
LF:25
LH:17
BRDA:25,0,0,0
BRDA:25,0,1,6
BRDA:25,1,0,6
BRDA:25,1,1,6
BRDA:27,2,0,5
BRDA:27,2,1,1
BRDA:27,2,2,0
BRDA:27,2,3,0
BRDA:27,2,4,0
BRDA:28,3,0,5
BRDA:28,3,1,3
BRDA:29,4,0,1
BRDA:29,4,1,1
BRDA:30,5,0,0
BRDA:30,5,1,0
BRDA:31,6,0,0
BRDA:31,6,1,0
BRDA:40,7,0,4
BRDA:40,7,1,0
BRDA:41,8,0,4
BRDA:41,8,1,4
BRDA:48,9,0,0
BRDA:48,9,1,5
BRDA:48,10,0,5
BRDA:48,10,1,5
BRDA:51,11,0,5
BRDA:51,11,1,5
BRF:27
BRH:17
end_of_record
